Determining if the pthread_create exist failed with the following output:
Change Dir: /home/lazzollini/Escritorio/tp1_base/cmake-build-debug/CMakeFiles/CMakeTmp

Run Build Command:"/usr/bin/make" "cmTC_6cbbe/fast"
/usr/bin/make -f CMakeFiles/cmTC_6cbbe.dir/build.make CMakeFiles/cmTC_6cbbe.dir/build
make[1]: se entra en el directorio '/home/lazzollini/Escritorio/tp1_base/cmake-build-debug/CMakeFiles/CMakeTmp'
Building C object CMakeFiles/cmTC_6cbbe.dir/CheckSymbolExists.c.o
/usr/bin/cc    -o CMakeFiles/cmTC_6cbbe.dir/CheckSymbolExists.c.o   -c /home/lazzollini/Escritorio/tp1_base/cmake-build-debug/CMakeFiles/CMakeTmp/CheckSymbolExists.c
Linking C executable cmTC_6cbbe
/opt/clion-2017.2/bin/cmake/bin/cmake -E cmake_link_script CMakeFiles/cmTC_6cbbe.dir/link.txt --verbose=1
/usr/bin/cc      -rdynamic CMakeFiles/cmTC_6cbbe.dir/CheckSymbolExists.c.o  -o cmTC_6cbbe 
CMakeFiles/cmTC_6cbbe.dir/CheckSymbolExists.c.o: En la función `main':
CheckSymbolExists.c:(.text+0x16): referencia a `pthread_create' sin definir
collect2: error: ld returned 1 exit status
CMakeFiles/cmTC_6cbbe.dir/build.make:97: fallo en las instrucciones para el objetivo 'cmTC_6cbbe'
make[1]: *** [cmTC_6cbbe] Error 1
make[1]: se sale del directorio '/home/lazzollini/Escritorio/tp1_base/cmake-build-debug/CMakeFiles/CMakeTmp'
Makefile:126: fallo en las instrucciones para el objetivo 'cmTC_6cbbe/fast'
make: *** [cmTC_6cbbe/fast] Error 2

File /home/lazzollini/Escritorio/tp1_base/cmake-build-debug/CMakeFiles/CMakeTmp/CheckSymbolExists.c:
/* */
#include <pthread.h>

int main(int argc, char** argv)
{
  (void)argv;
#ifndef pthread_create
  return ((int*)(&pthread_create))[argc];
#else
  (void)argc;
  return 0;
#endif
}

Determining if the function pthread_create exists in the pthreads failed with the following output:
Change Dir: /home/lazzollini/Escritorio/tp1_base/cmake-build-debug/CMakeFiles/CMakeTmp

Run Build Command:"/usr/bin/make" "cmTC_5143b/fast"
/usr/bin/make -f CMakeFiles/cmTC_5143b.dir/build.make CMakeFiles/cmTC_5143b.dir/build
make[1]: se entra en el directorio '/home/lazzollini/Escritorio/tp1_base/cmake-build-debug/CMakeFiles/CMakeTmp'
Building C object CMakeFiles/cmTC_5143b.dir/CheckFunctionExists.c.o
/usr/bin/cc   -DCHECK_FUNCTION_EXISTS=pthread_create   -o CMakeFiles/cmTC_5143b.dir/CheckFunctionExists.c.o   -c /opt/clion-2017.2/bin/cmake/share/cmake-3.8/Modules/CheckFunctionExists.c
Linking C executable cmTC_5143b
/opt/clion-2017.2/bin/cmake/bin/cmake -E cmake_link_script CMakeFiles/cmTC_5143b.dir/link.txt --verbose=1
/usr/bin/cc  -DCHECK_FUNCTION_EXISTS=pthread_create    -rdynamic CMakeFiles/cmTC_5143b.dir/CheckFunctionExists.c.o  -o cmTC_5143b -lpthreads 
/usr/bin/ld: no se puede encontrar -lpthreads
collect2: error: ld returned 1 exit status
CMakeFiles/cmTC_5143b.dir/build.make:97: fallo en las instrucciones para el objetivo 'cmTC_5143b'
make[1]: *** [cmTC_5143b] Error 1
make[1]: se sale del directorio '/home/lazzollini/Escritorio/tp1_base/cmake-build-debug/CMakeFiles/CMakeTmp'
Makefile:126: fallo en las instrucciones para el objetivo 'cmTC_5143b/fast'
make: *** [cmTC_5143b/fast] Error 2


