Determining if the pthread_create exist failed with the following output:
Change Dir: /home/lazzollini/Escritorio/tp1_base/CMakeFiles/CMakeTmp

Run Build Command:"/usr/bin/make" "cmTC_10232/fast"
/usr/bin/make -f CMakeFiles/cmTC_10232.dir/build.make CMakeFiles/cmTC_10232.dir/build
make[1]: se entra en el directorio '/home/lazzollini/Escritorio/tp1_base/CMakeFiles/CMakeTmp'
Building C object CMakeFiles/cmTC_10232.dir/CheckSymbolExists.c.o
/usr/bin/cc    -o CMakeFiles/cmTC_10232.dir/CheckSymbolExists.c.o   -c /home/lazzollini/Escritorio/tp1_base/CMakeFiles/CMakeTmp/CheckSymbolExists.c
Linking C executable cmTC_10232
/opt/clion-2017.2/bin/cmake/bin/cmake -E cmake_link_script CMakeFiles/cmTC_10232.dir/link.txt --verbose=1
/usr/bin/cc      -rdynamic CMakeFiles/cmTC_10232.dir/CheckSymbolExists.c.o  -o cmTC_10232 
CMakeFiles/cmTC_10232.dir/CheckSymbolExists.c.o: En la función `main':
CheckSymbolExists.c:(.text+0x16): referencia a `pthread_create' sin definir
collect2: error: ld returned 1 exit status
CMakeFiles/cmTC_10232.dir/build.make:97: fallo en las instrucciones para el objetivo 'cmTC_10232'
make[1]: *** [cmTC_10232] Error 1
make[1]: se sale del directorio '/home/lazzollini/Escritorio/tp1_base/CMakeFiles/CMakeTmp'
Makefile:126: fallo en las instrucciones para el objetivo 'cmTC_10232/fast'
make: *** [cmTC_10232/fast] Error 2

File /home/lazzollini/Escritorio/tp1_base/CMakeFiles/CMakeTmp/CheckSymbolExists.c:
/* */
#include <pthread.h>

int main(int argc, char** argv)
{
  (void)argv;
#ifndef pthread_create
  return ((int*)(&pthread_create))[argc];
#else
  (void)argc;
  return 0;
#endif
}

Determining if the function pthread_create exists in the pthreads failed with the following output:
Change Dir: /home/lazzollini/Escritorio/tp1_base/CMakeFiles/CMakeTmp

Run Build Command:"/usr/bin/make" "cmTC_d8f32/fast"
/usr/bin/make -f CMakeFiles/cmTC_d8f32.dir/build.make CMakeFiles/cmTC_d8f32.dir/build
make[1]: se entra en el directorio '/home/lazzollini/Escritorio/tp1_base/CMakeFiles/CMakeTmp'
Building C object CMakeFiles/cmTC_d8f32.dir/CheckFunctionExists.c.o
/usr/bin/cc   -DCHECK_FUNCTION_EXISTS=pthread_create   -o CMakeFiles/cmTC_d8f32.dir/CheckFunctionExists.c.o   -c /opt/clion-2017.2/bin/cmake/share/cmake-3.8/Modules/CheckFunctionExists.c
Linking C executable cmTC_d8f32
/opt/clion-2017.2/bin/cmake/bin/cmake -E cmake_link_script CMakeFiles/cmTC_d8f32.dir/link.txt --verbose=1
/usr/bin/cc  -DCHECK_FUNCTION_EXISTS=pthread_create    -rdynamic CMakeFiles/cmTC_d8f32.dir/CheckFunctionExists.c.o  -o cmTC_d8f32 -lpthreads 
/usr/bin/ld: no se puede encontrar -lpthreads
collect2: error: ld returned 1 exit status
CMakeFiles/cmTC_d8f32.dir/build.make:97: fallo en las instrucciones para el objetivo 'cmTC_d8f32'
make[1]: *** [cmTC_d8f32] Error 1
make[1]: se sale del directorio '/home/lazzollini/Escritorio/tp1_base/CMakeFiles/CMakeTmp'
Makefile:126: fallo en las instrucciones para el objetivo 'cmTC_d8f32/fast'
make: *** [cmTC_d8f32/fast] Error 2


Compiling the CXX compiler identification source file "CMakeCXXCompilerId.cpp" failed.
Compiler: CMAKE_CXX_COMPILER-NOTFOUND 
Build flags: 
Id flags:  

The output was:
No such file or directory


Compiling the CXX compiler identification source file "CMakeCXXCompilerId.cpp" failed.
Compiler: CMAKE_CXX_COMPILER-NOTFOUND 
Build flags: 
Id flags: -c 

The output was:
No such file or directory


Compiling the CXX compiler identification source file "CMakeCXXCompilerId.cpp" failed.
Compiler: CMAKE_CXX_COMPILER-NOTFOUND 
Build flags: 
Id flags:  

The output was:
No such file or directory


Compiling the CXX compiler identification source file "CMakeCXXCompilerId.cpp" failed.
Compiler: CMAKE_CXX_COMPILER-NOTFOUND 
Build flags: 
Id flags: -c 

The output was:
No such file or directory


Determining if the pthread_create exist failed with the following output:
Change Dir: /home/enzo/Documentos/Facultad/AED2/TP1-AED2/CMakeFiles/CMakeTmp

Run Build Command:"/usr/bin/make" "cmTC_40952/fast"
/usr/bin/make -f CMakeFiles/cmTC_40952.dir/build.make CMakeFiles/cmTC_40952.dir/build
make[1]: se entra en el directorio '/home/enzo/Documentos/Facultad/AED2/TP1-AED2/CMakeFiles/CMakeTmp'
Building C object CMakeFiles/cmTC_40952.dir/CheckSymbolExists.c.o
/usr/bin/cc    -o CMakeFiles/cmTC_40952.dir/CheckSymbolExists.c.o   -c /home/enzo/Documentos/Facultad/AED2/TP1-AED2/CMakeFiles/CMakeTmp/CheckSymbolExists.c
Linking C executable cmTC_40952
/usr/bin/cmake -E cmake_link_script CMakeFiles/cmTC_40952.dir/link.txt --verbose=1
/usr/bin/cc      -rdynamic CMakeFiles/cmTC_40952.dir/CheckSymbolExists.c.o  -o cmTC_40952 
CMakeFiles/cmTC_40952.dir/CheckSymbolExists.c.o: En la función `main':
CheckSymbolExists.c:(.text+0x1b): referencia a `pthread_create' sin definir
collect2: error: ld returned 1 exit status
CMakeFiles/cmTC_40952.dir/build.make:97: fallo en las instrucciones para el objetivo 'cmTC_40952'
make[1]: *** [cmTC_40952] Error 1
make[1]: se sale del directorio '/home/enzo/Documentos/Facultad/AED2/TP1-AED2/CMakeFiles/CMakeTmp'
Makefile:126: fallo en las instrucciones para el objetivo 'cmTC_40952/fast'
make: *** [cmTC_40952/fast] Error 2

File /home/enzo/Documentos/Facultad/AED2/TP1-AED2/CMakeFiles/CMakeTmp/CheckSymbolExists.c:
/* */
#include <pthread.h>

int main(int argc, char** argv)
{
  (void)argv;
#ifndef pthread_create
  return ((int*)(&pthread_create))[argc];
#else
  (void)argc;
  return 0;
#endif
}

Determining if the function pthread_create exists in the pthreads failed with the following output:
Change Dir: /home/enzo/Documentos/Facultad/AED2/TP1-AED2/CMakeFiles/CMakeTmp

Run Build Command:"/usr/bin/make" "cmTC_a4783/fast"
/usr/bin/make -f CMakeFiles/cmTC_a4783.dir/build.make CMakeFiles/cmTC_a4783.dir/build
make[1]: se entra en el directorio '/home/enzo/Documentos/Facultad/AED2/TP1-AED2/CMakeFiles/CMakeTmp'
Building C object CMakeFiles/cmTC_a4783.dir/CheckFunctionExists.c.o
/usr/bin/cc   -DCHECK_FUNCTION_EXISTS=pthread_create   -o CMakeFiles/cmTC_a4783.dir/CheckFunctionExists.c.o   -c /usr/share/cmake-3.9/Modules/CheckFunctionExists.c
Linking C executable cmTC_a4783
/usr/bin/cmake -E cmake_link_script CMakeFiles/cmTC_a4783.dir/link.txt --verbose=1
/usr/bin/cc  -DCHECK_FUNCTION_EXISTS=pthread_create    -rdynamic CMakeFiles/cmTC_a4783.dir/CheckFunctionExists.c.o  -o cmTC_a4783 -lpthreads 
/usr/bin/ld: no se puede encontrar -lpthreads
collect2: error: ld returned 1 exit status
CMakeFiles/cmTC_a4783.dir/build.make:97: fallo en las instrucciones para el objetivo 'cmTC_a4783'
make[1]: *** [cmTC_a4783] Error 1
make[1]: se sale del directorio '/home/enzo/Documentos/Facultad/AED2/TP1-AED2/CMakeFiles/CMakeTmp'
Makefile:126: fallo en las instrucciones para el objetivo 'cmTC_a4783/fast'
make: *** [cmTC_a4783/fast] Error 2


